{"total": {"lines":{"total":421,"covered":341,"skipped":0,"pct":80.99},"statements":{"total":434,"covered":350,"skipped":0,"pct":80.64},"functions":{"total":91,"covered":78,"skipped":0,"pct":85.71},"branches":{"total":169,"covered":107,"skipped":0,"pct":63.31},"branchesTrue":{"total":0,"covered":0,"skipped":0,"pct":100}}
,"/home/runner/work/url-shortener-mcp/url-shortener-mcp/generated/prisma/client.ts": {"lines":{"total":1,"covered":1,"skipped":0,"pct":100},"functions":{"total":0,"covered":0,"skipped":0,"pct":100},"statements":{"total":1,"covered":1,"skipped":0,"pct":100},"branches":{"total":0,"covered":0,"skipped":0,"pct":100}}
,"/home/runner/work/url-shortener-mcp/url-shortener-mcp/generated/prisma/internal/class.ts": {"lines":{"total":11,"covered":11,"skipped":0,"pct":100},"functions":{"total":4,"covered":4,"skipped":0,"pct":100},"statements":{"total":11,"covered":11,"skipped":0,"pct":100},"branches":{"total":0,"covered":0,"skipped":0,"pct":100}}
,"/home/runner/work/url-shortener-mcp/url-shortener-mcp/generated/prisma/internal/prismaNamespace.ts": {"lines":{"total":24,"covered":24,"skipped":0,"pct":100},"functions":{"total":0,"covered":0,"skipped":0,"pct":100},"statements":{"total":24,"covered":24,"skipped":0,"pct":100},"branches":{"total":0,"covered":0,"skipped":0,"pct":100}}
,"/home/runner/work/url-shortener-mcp/url-shortener-mcp/src/app.ts": {"lines":{"total":20,"covered":15,"skipped":0,"pct":75},"functions":{"total":1,"covered":0,"skipped":0,"pct":0},"statements":{"total":20,"covered":15,"skipped":0,"pct":75},"branches":{"total":4,"covered":2,"skipped":0,"pct":50}}
,"/home/runner/work/url-shortener-mcp/url-shortener-mcp/src/api/server.ts": {"lines":{"total":37,"covered":37,"skipped":0,"pct":100},"functions":{"total":9,"covered":9,"skipped":0,"pct":100},"statements":{"total":37,"covered":37,"skipped":0,"pct":100},"branches":{"total":12,"covered":9,"skipped":0,"pct":75}}
,"/home/runner/work/url-shortener-mcp/url-shortener-mcp/src/lib/crypto.ts": {"lines":{"total":7,"covered":7,"skipped":0,"pct":100},"functions":{"total":3,"covered":3,"skipped":0,"pct":100},"statements":{"total":8,"covered":7,"skipped":0,"pct":87.5},"branches":{"total":2,"covered":1,"skipped":0,"pct":50}}
,"/home/runner/work/url-shortener-mcp/url-shortener-mcp/src/lib/env.ts": {"lines":{"total":4,"covered":4,"skipped":0,"pct":100},"functions":{"total":3,"covered":3,"skipped":0,"pct":100},"statements":{"total":4,"covered":4,"skipped":0,"pct":100},"branches":{"total":0,"covered":0,"skipped":0,"pct":100}}
,"/home/runner/work/url-shortener-mcp/url-shortener-mcp/src/lib/errors.ts": {"lines":{"total":17,"covered":13,"skipped":0,"pct":76.47},"functions":{"total":5,"covered":4,"skipped":0,"pct":80},"statements":{"total":17,"covered":13,"skipped":0,"pct":76.47},"branches":{"total":0,"covered":0,"skipped":0,"pct":100}}
,"/home/runner/work/url-shortener-mcp/url-shortener-mcp/src/lib/logger.ts": {"lines":{"total":9,"covered":5,"skipped":0,"pct":55.55},"functions":{"total":4,"covered":2,"skipped":0,"pct":50},"statements":{"total":9,"covered":5,"skipped":0,"pct":55.55},"branches":{"total":10,"covered":1,"skipped":0,"pct":10}}
,"/home/runner/work/url-shortener-mcp/url-shortener-mcp/src/lib/prisma.ts": {"lines":{"total":8,"covered":8,"skipped":0,"pct":100},"functions":{"total":1,"covered":1,"skipped":0,"pct":100},"statements":{"total":8,"covered":8,"skipped":0,"pct":100},"branches":{"total":4,"covered":3,"skipped":0,"pct":75}}
,"/home/runner/work/url-shortener-mcp/url-shortener-mcp/src/lib/routes.ts": {"lines":{"total":15,"covered":7,"skipped":0,"pct":46.66},"functions":{"total":7,"covered":4,"skipped":0,"pct":57.14},"statements":{"total":17,"covered":7,"skipped":0,"pct":41.17},"branches":{"total":10,"covered":2,"skipped":0,"pct":20}}
,"/home/runner/work/url-shortener-mcp/url-shortener-mcp/src/lib/schemas.ts": {"lines":{"total":10,"covered":10,"skipped":0,"pct":100},"functions":{"total":3,"covered":3,"skipped":0,"pct":100},"statements":{"total":10,"covered":10,"skipped":0,"pct":100},"branches":{"total":4,"covered":4,"skipped":0,"pct":100}}
,"/home/runner/work/url-shortener-mcp/url-shortener-mcp/src/mcp/server.ts": {"lines":{"total":110,"covered":71,"skipped":0,"pct":64.54},"functions":{"total":18,"covered":14,"skipped":0,"pct":77.77},"statements":{"total":112,"covered":72,"skipped":0,"pct":64.28},"branches":{"total":48,"covered":22,"skipped":0,"pct":45.83}}
,"/home/runner/work/url-shortener-mcp/url-shortener-mcp/src/middleware/auth.ts": {"lines":{"total":33,"covered":27,"skipped":0,"pct":81.81},"functions":{"total":3,"covered":3,"skipped":0,"pct":100},"statements":{"total":34,"covered":28,"skipped":0,"pct":82.35},"branches":{"total":12,"covered":10,"skipped":0,"pct":83.33}}
,"/home/runner/work/url-shortener-mcp/url-shortener-mcp/src/middleware/error.ts": {"lines":{"total":9,"covered":6,"skipped":0,"pct":66.66},"functions":{"total":1,"covered":1,"skipped":0,"pct":100},"statements":{"total":9,"covered":6,"skipped":0,"pct":66.66},"branches":{"total":10,"covered":7,"skipped":0,"pct":70}}
,"/home/runner/work/url-shortener-mcp/url-shortener-mcp/src/middleware/logging.ts": {"lines":{"total":14,"covered":14,"skipped":0,"pct":100},"functions":{"total":4,"covered":4,"skipped":0,"pct":100},"statements":{"total":14,"covered":14,"skipped":0,"pct":100},"branches":{"total":6,"covered":4,"skipped":0,"pct":66.66}}
,"/home/runner/work/url-shortener-mcp/url-shortener-mcp/src/middleware/validate.ts": {"lines":{"total":24,"covered":21,"skipped":0,"pct":87.5},"functions":{"total":6,"covered":6,"skipped":0,"pct":100},"statements":{"total":24,"covered":21,"skipped":0,"pct":87.5},"branches":{"total":6,"covered":5,"skipped":0,"pct":83.33}}
,"/home/runner/work/url-shortener-mcp/url-shortener-mcp/src/services/expiry.ts": {"lines":{"total":12,"covered":10,"skipped":0,"pct":83.33},"functions":{"total":2,"covered":2,"skipped":0,"pct":100},"statements":{"total":12,"covered":10,"skipped":0,"pct":83.33},"branches":{"total":10,"covered":8,"skipped":0,"pct":80}}
,"/home/runner/work/url-shortener-mcp/url-shortener-mcp/src/services/slug.ts": {"lines":{"total":14,"covered":14,"skipped":0,"pct":100},"functions":{"total":4,"covered":4,"skipped":0,"pct":100},"statements":{"total":15,"covered":15,"skipped":0,"pct":100},"branches":{"total":13,"covered":11,"skipped":0,"pct":84.61}}
,"/home/runner/work/url-shortener-mcp/url-shortener-mcp/src/services/url.ts": {"lines":{"total":32,"covered":32,"skipped":0,"pct":100},"functions":{"total":9,"covered":9,"skipped":0,"pct":100},"statements":{"total":38,"covered":38,"skipped":0,"pct":100},"branches":{"total":18,"covered":18,"skipped":0,"pct":100}}
,"/home/runner/work/url-shortener-mcp/url-shortener-mcp/src/services/user.ts": {"lines":{"total":10,"covered":4,"skipped":0,"pct":40},"functions":{"total":4,"covered":2,"skipped":0,"pct":50},"statements":{"total":10,"covered":4,"skipped":0,"pct":40},"branches":{"total":0,"covered":0,"skipped":0,"pct":100}}
}
